<?xml version="1.0" encoding="UTF-8"?>
<testsuite xmlns:xsi="http://www.w3.org/2001/XMLSchema-instance" xsi:noNamespaceSchemaLocation="https://maven.apache.org/surefire/maven-surefire-plugin/xsd/surefire-test-report-3.0.xsd" version="3.0" name="com.cs.iit.cs445.Things_Creatures.FlyTest" time="0.005" tests="5" errors="0" skipped="0" failures="0">
  <properties>
[...]
</properties>
  <testcase name="test_fly_constructor" classname="com.cs.iit.cs445.Things_Creatures.FlyTest" time="0.002"/>
  <testcase name="test_fly_wont_eats_creature" classname="com.cs.iit.cs445.Things_Creatures.FlyTest" time="0"/>
  <testcase name="test_fly_will_eat_things_but_not_creature" classname="com.cs.iit.cs445.Things_Creatures.FlyTest" time="0"/>
  <testcase name="testMove" classname="com.cs.iit.cs445.Things_Creatures.FlyTest" time="0"/>
  <testcase name="test_how_the_fly_flies" classname="com.cs.iit.cs445.Things_Creatures.FlyTest" time="0"/>
</testsuite>